#
# There is insufficient memory for the Java Runtime Environment to continue.
# Native memory allocation (mmap) failed to map 2031616 bytes for G1 virtual space
# Possible reasons:
#   The system is out of physical RAM or swap space
#   The process is running with CompressedOops enabled, and the Java Heap may be blocking the growth of the native heap
# Possible solutions:
#   Reduce memory load on the system
#   Increase physical memory or swap space
#   Check if swap backing store is full
#   Decrease Java heap size (-Xmx/-Xms)
#   Decrease number of Java threads
#   Decrease Java thread stack sizes (-Xss)
#   Set larger code cache with -XX:ReservedCodeCacheSize=
#   JVM is running with Unscaled Compressed Oops mode in which the Java heap is
#     placed in the first 4GB address space. The Java Heap base address is the
#     maximum limit for the native heap growth. Please use -XX:HeapBaseMinAddress
#     to set the Java Heap base and to place the Java Heap above 4GB virtual address.
# This output file may be truncated or incomplete.
#
#  Out of Memory Error (os_windows.cpp:3550), pid=19300, tid=384
#
# JRE version:  (17.0.6+9) (build )
# Java VM: Java HotSpot(TM) 64-Bit Server VM (17.0.6+9-LTS-190, mixed mode, sharing, tiered, compressed oops, compressed class ptrs, g1 gc, windows-amd64)
# No core dump will be written. Minidumps are not enabled by default on client versions of Windows
#

---------------  S U M M A R Y ------------

Command Line: -XX:+ShowCodeDetailsInExceptionMessages com.example.demo.DemoApplication

Host: 12th Gen Intel(R) Core(TM) i5-1235U, 12 cores, 7G,  Windows 11 , 64 bit Build 22621 (10.0.22621.3085)
Time: Sat Feb 24 11:09:32 2024 India Standard Time elapsed time: 0.009510 seconds (0d 0h 0m 0s)

---------------  T H R E A D  ---------------

Current thread (0x0000021690885bc0):  JavaThread "Unknown thread" [_thread_in_vm, id=384, stack(0x000000340b200000,0x000000340b300000)]

Stack: [0x000000340b200000,0x000000340b300000]
Native frames: (J=compiled Java code, j=interpreted, Vv=VM code, C=native code)
V  [jvm.dll+0x6734ea]
V  [jvm.dll+0x7d18f4]
V  [jvm.dll+0x7d309e]
V  [jvm.dll+0x7d3703]
V  [jvm.dll+0x2433c5]
V  [jvm.dll+0x6703f9]
V  [jvm.dll+0x664d32]
V  [jvm.dll+0x300086]
V  [jvm.dll+0x307606]
V  [jvm.dll+0x356c33]
V  [jvm.dll+0x356e4f]
V  [jvm.dll+0x2d72e8]
V  [jvm.dll+0x2d8254]
V  [jvm.dll+0x7a33b1]
V  [jvm.dll+0x3647f1]
V  [jvm.dll+0x782839]
V  [jvm.dll+0x3e757f]
V  [jvm.dll+0x3e9001]
C  [jli.dll+0x5297]
C  [ucrtbase.dll+0x29363]
C  [KERNEL32.DLL+0x1257d]
C  [ntdll.dll+0x5aa58]


---------------  P R O C E S S  ---------------

Threads class SMR info:
_java_thread_list=0x00007ffd5421e958, length=0, elements={
}

Java Threads: ( => current thread )

Other Threads:
  0x00000216908e4da0 GCTaskThread "GC Thread#0" [stack: 0x000000340b300000,0x000000340b400000] [id=8816]
  0x00000216908f68c0 ConcurrentGCThread "G1 Main Marker" [stack: 0x000000340b400000,0x000000340b500000] [id=3608]
  0x00000216908f7a70 ConcurrentGCThread "G1 Conc#0" [stack: 0x000000340b500000,0x000000340b600000] [id=18924]

[error occurred during error reporting (printing all threads), id 0xc0000005, EXCEPTION_ACCESS_VIOLATION (0xc0000005) at pc=0x00007ffd53a57f07]

VM state: not at safepoint (not fully initialized)

VM Mutex/Monitor currently owned by a thread:  ([mutex/lock_event])
[0x0000021690884730] Heap_lock - owner thread: 0x0000021690885bc0

Heap address: 0x0000000085200000, size: 1966 MB, Compressed Oops mode: 32-bit

CDS archive(s) mapped at: [0x0000000000000000-0x0000000000000000-0x0000000000000000), size 0, SharedBaseAddress: 0x0000000800000000, ArchiveRelocationMode: 0.
Narrow klass base: 0x0000000000000000, Narrow klass shift: 0, Narrow klass range: 0x0

GC Precious Log:
<Empty>

Heap:
 garbage-first heap   total 0K, used 0K [0x0000000085200000, 0x0000000100000000)
  region size 1024K, 0 young (0K), 0 survivors (0K)

[error occurred during error reporting (printing heap information), id 0xc0000005, EXCEPTION_ACCESS_VIOLATION (0xc0000005) at pc=0x00007ffd53e3c759]

GC Heap History (0 events):
No events

Deoptimization events (0 events):
No events

Classes unloaded (0 events):
No events

Classes redefined (0 events):
No events

Internal exceptions (0 events):
No events

VM Operations (0 events):
No events

Events (1 events):
Event: 0.006 Loaded shared library C:\Program Files\Java\jdk-17\bin\java.dll


Dynamic libraries:
0x00007ff708490000 - 0x00007ff7084a0000 	C:\Program Files\Java\jdk-17\bin\java.exe
0x00007ffdce670000 - 0x00007ffdce887000 	C:\windows\SYSTEM32\ntdll.dll
0x00007ffdcd1c0000 - 0x00007ffdcd284000 	C:\windows\System32\KERNEL32.DLL
0x00007ffdcbc80000 - 0x00007ffdcc026000 	C:\windows\System32\KERNELBASE.dll
0x00007ffdcc030000 - 0x00007ffdcc141000 	C:\windows\System32\ucrtbase.dll
0x00007ffdad970000 - 0x00007ffdad988000 	C:\Program Files\Java\jdk-17\bin\jli.dll
0x00007ffda92e0000 - 0x00007ffda92fb000 	C:\Program Files\Java\jdk-17\bin\VCRUNTIME140.dll
0x00007ffdcd640000 - 0x00007ffdcd6f3000 	C:\windows\System32\ADVAPI32.dll
0x00007ffdce260000 - 0x00007ffdce307000 	C:\windows\System32\msvcrt.dll
0x00007ffdce340000 - 0x00007ffdce3e8000 	C:\windows\System32\sechost.dll
0x00007ffdcc360000 - 0x00007ffdcc388000 	C:\windows\System32\bcrypt.dll
0x00007ffdcd040000 - 0x00007ffdcd157000 	C:\windows\System32\RPCRT4.dll
0x00007ffdce050000 - 0x00007ffdce1fe000 	C:\windows\System32\USER32.dll
0x00007ffdcc150000 - 0x00007ffdcc176000 	C:\windows\System32\win32u.dll
0x00007ffdce310000 - 0x00007ffdce339000 	C:\windows\System32\GDI32.dll
0x00007ffda7fe0000 - 0x00007ffda8273000 	C:\windows\WinSxS\amd64_microsoft.windows.common-controls_6595b64144ccf1df_6.0.22621.2506_none_270c5ae97388e100\COMCTL32.dll
0x00007ffdcc180000 - 0x00007ffdcc298000 	C:\windows\System32\gdi32full.dll
0x00007ffdcb980000 - 0x00007ffdcba1a000 	C:\windows\System32\msvcp_win.dll
0x00007ffdbe0f0000 - 0x00007ffdbe0fa000 	C:\windows\SYSTEM32\VERSION.dll
0x00007ffdce5c0000 - 0x00007ffdce5f1000 	C:\windows\System32\IMM32.DLL
0x00007ffdc2600000 - 0x00007ffdc260c000 	C:\Program Files\Java\jdk-17\bin\vcruntime140_1.dll
0x00007ffd9bf60000 - 0x00007ffd9bfee000 	C:\Program Files\Java\jdk-17\bin\msvcp140.dll
0x00007ffd53770000 - 0x00007ffd54347000 	C:\Program Files\Java\jdk-17\bin\server\jvm.dll
0x00007ffdce3f0000 - 0x00007ffdce3f8000 	C:\windows\System32\PSAPI.DLL
0x00007ffdc14b0000 - 0x00007ffdc14e4000 	C:\windows\SYSTEM32\WINMM.dll
0x00007ffdadde0000 - 0x00007ffdadde9000 	C:\windows\SYSTEM32\WSOCK32.dll
0x00007ffdccd70000 - 0x00007ffdccde1000 	C:\windows\System32\WS2_32.dll
0x00007ffdca9a0000 - 0x00007ffdca9b8000 	C:\windows\SYSTEM32\kernel.appcore.dll
0x00007ffdc15a0000 - 0x00007ffdc15aa000 	C:\Program Files\Java\jdk-17\bin\jimage.dll
0x00007ffdc9410000 - 0x00007ffdc9643000 	C:\windows\SYSTEM32\DBGHELP.DLL
0x00007ffdcd840000 - 0x00007ffdcdbc9000 	C:\windows\System32\combase.dll
0x00007ffdccf60000 - 0x00007ffdcd037000 	C:\windows\System32\OLEAUT32.dll
0x00007ffdaa0f0000 - 0x00007ffdaa122000 	C:\windows\SYSTEM32\dbgcore.DLL
0x00007ffdcbc00000 - 0x00007ffdcbc7a000 	C:\windows\System32\bcryptPrimitives.dll
0x00007ffda92b0000 - 0x00007ffda92d5000 	C:\Program Files\Java\jdk-17\bin\java.dll

dbghelp: loaded successfully - version: 4.0.5 - missing functions: none
symbol engine: initialized successfully - sym options: 0x614 - pdb path: .;C:\Program Files\Java\jdk-17\bin;C:\windows\SYSTEM32;C:\windows\WinSxS\amd64_microsoft.windows.common-controls_6595b64144ccf1df_6.0.22621.2506_none_270c5ae97388e100;C:\Program Files\Java\jdk-17\bin\server

VM Arguments:
jvm_args: -XX:+ShowCodeDetailsInExceptionMessages 
java_command: com.example.demo.DemoApplication
java_class_path (initial): C:\Users\prave\OneDrive\Desktop\spring\DAY 7\class 2\demo\target\classes;C:\Users\prave\.m2\repository\org\springframework\boot\spring-boot-starter-data-jpa\3.2.3\spring-boot-starter-data-jpa-3.2.3.jar;C:\Users\prave\.m2\repository\org\springframework\boot\spring-boot-starter-aop\3.2.3\spring-boot-starter-aop-3.2.3.jar;C:\Users\prave\.m2\repository\org\springframework\spring-aop\6.1.4\spring-aop-6.1.4.jar;C:\Users\prave\.m2\repository\org\aspectj\aspectjweaver\1.9.21\aspectjweaver-1.9.21.jar;C:\Users\prave\.m2\repository\org\springframework\boot\spring-boot-starter-jdbc\3.2.3\spring-boot-starter-jdbc-3.2.3.jar;C:\Users\prave\.m2\repository\com\zaxxer\HikariCP\5.0.1\HikariCP-5.0.1.jar;C:\Users\prave\.m2\repository\org\springframework\spring-jdbc\6.1.4\spring-jdbc-6.1.4.jar;C:\Users\prave\.m2\repository\org\hibernate\orm\hibernate-core\6.4.4.Final\hibernate-core-6.4.4.Final.jar;C:\Users\prave\.m2\repository\jakarta\persistence\jakarta.persistence-api\3.1.0\jakarta.persistence-api-3.1.0.jar;C:\Users\prave\.m2\repository\jakarta\transaction\jakarta.transaction-api\2.0.1\jakarta.transaction-api-2.0.1.jar;C:\Users\prave\.m2\repository\org\jboss\logging\jboss-logging\3.5.3.Final\jboss-logging-3.5.3.Final.jar;C:\Users\prave\.m2\repository\org\hibernate\common\hibernate-commons-annotations\6.0.6.Final\hibernate-commons-annotations-6.0.6.Final.jar;C:\Users\prave\.m2\repository\io\smallrye\jandex\3.1.2\jandex-3.1.2.jar;C:\Users\prave\.m2\repository\com\fasterxml\classmate\1.6.0\classmate-1.6.0.jar;C:\Users\prave\.m2\repository\net\bytebuddy\byte-buddy\1.14.12\byte-buddy-1.14.12.jar;C:\Users\prave\.m2\repository\org\glassfish\jaxb\jaxb-runtime\4.0.4\jaxb-runtime-4.0.4.jar;C:\Users\prave\.m2\repository\org\glassfish\jaxb\jaxb-core\4.0.4\jaxb-core-4.0.4.jar;C:\Users\prave\.m2\repository\org\eclipse\angus\angus-activation\2.0.1\angus-activation-2.0.1.jar;C:\Users\prave\.m2\repository\org\glassfish\jaxb\txw2\4.0.4\txw2-4.0.4.jar;C:\Users\prave\.m2\repos
Launcher Type: SUN_STANDARD

[Global flags]
     intx CICompilerCount                          = 4                                         {product} {ergonomic}
     uint ConcGCThreads                            = 3                                         {product} {ergonomic}
     uint G1ConcRefinementThreads                  = 10                                        {product} {ergonomic}
   size_t G1HeapRegionSize                         = 1048576                                   {product} {ergonomic}
    uintx GCDrainStackTargetSize                   = 64                                        {product} {ergonomic}
   size_t InitialHeapSize                          = 130023424                                 {product} {ergonomic}
   size_t MarkStackSize                            = 4194304                                   {product} {ergonomic}
   size_t MaxHeapSize                              = 2061500416                                {product} {ergonomic}
   size_t MinHeapDeltaBytes                        = 1048576                                   {product} {ergonomic}
   size_t MinHeapSize                              = 8388608                                   {product} {ergonomic}
    uintx NonNMethodCodeHeapSize                   = 5839372                                {pd product} {ergonomic}
    uintx NonProfiledCodeHeapSize                  = 122909434                              {pd product} {ergonomic}
    uintx ProfiledCodeHeapSize                     = 122909434                              {pd product} {ergonomic}
    uintx ReservedCodeCacheSize                    = 251658240                              {pd product} {ergonomic}
     bool SegmentedCodeCache                       = true                                      {product} {ergonomic}
     bool ShowCodeDetailsInExceptionMessages       = true                                   {manageable} {command line}
   size_t SoftMaxHeapSize                          = 2061500416                             {manageable} {ergonomic}
     bool UseCompressedClassPointers               = true                           {product lp64_product} {ergonomic}
     bool UseCompressedOops                        = true                           {product lp64_product} {ergonomic}
     bool UseG1GC                                  = true                                      {product} {ergonomic}
     bool UseLargePagesIndividualAllocation        = false                                  {pd product} {ergonomic}

Logging:
Log output configuration:
 #0: stdout all=warning uptime,level,tags
 #1: stderr all=off uptime,level,tags

Environment Variables:
PATH=C:\Program Files\Common Files\Oracle\Java\javapath;C:\windows\system32;C:\windows;C:\windows\System32\Wbem;C:\windows\System32\WindowsPowerShell\v1.0\;C:\windows\System32\OpenSSH\;C:\MinGW\bin;C:\Program Files\Git\cmd;C:\Users\prave\AppData\Roaming\Microsoft\Windows\Start Menu\Programs\Python 3.11;C:\Program Files\nodejs\;C:\Program Files\MySQL\MySQL Shell 8.0\bin\;C:\Users\prave\AppData\Local\Microsoft\WindowsApps;C:\Users\prave\AppData\Local\Programs\Microsoft VS Code\bin;C:\MinGW\bin;C:\Users\prave\AppData\Roaming\Microsoft\Windows\Start Menu\Programs\Python 3.11;C:\Users\prave\AppData\Roaming\npm;C:\Program Files\nodejs;C:\Program Files\nodejs\node_modules\npm\bin;C:\Program Files\MongoDB\Server\7.0\bin;
USERNAME=prave
LANG=en_US.UTF-8
OS=Windows_NT
PROCESSOR_IDENTIFIER=Intel64 Family 6 Model 154 Stepping 4, GenuineIntel



---------------  S Y S T E M  ---------------

OS:
 Windows 11 , 64 bit Build 22621 (10.0.22621.3085)
OS uptime: 0 days 2:06 hours
Hyper-V role detected

CPU: total 12 (initial active 12) (6 cores per cpu, 2 threads per core) family 6 model 154 stepping 4 microcode 0x42c, cx8, cmov, fxsr, ht, mmx, 3dnowpref, sse, sse2, sse3, ssse3, sse4.1, sse4.2, popcnt, lzcnt, tsc, tscinvbit, avx, avx2, aes, erms, clmul, bmi1, bmi2, adx, sha, fma, vzeroupper, clflush, clflushopt, clwb, hv

Memory: 4k page, system-wide physical 7863M (535M free)
TotalPageFile size 12917M (AvailPageFile size 5M)
current process WorkingSet (physical memory assigned to process): 11M, peak: 11M
current process commit charge ("private bytes"): 188M, peak: 190M

vm_info: Java HotSpot(TM) 64-Bit Server VM (17.0.6+9-LTS-190) for windows-amd64 JRE (17.0.6+9-LTS-190), built on Dec  6 2022 15:53:54 by "mach5one" with MS VC++ 17.1 (VS2022)

END.
