#
# There is insufficient memory for the Java Runtime Environment to continue.
# Native memory allocation (mmap) failed to map 65536 bytes for Failed to commit metaspace.
# Possible reasons:
#   The system is out of physical RAM or swap space
#   The process is running with CompressedOops enabled, and the Java Heap may be blocking the growth of the native heap
# Possible solutions:
#   Reduce memory load on the system
#   Increase physical memory or swap space
#   Check if swap backing store is full
#   Decrease Java heap size (-Xmx/-Xms)
#   Decrease number of Java threads
#   Decrease Java thread stack sizes (-Xss)
#   Set larger code cache with -XX:ReservedCodeCacheSize=
#   JVM is running with Unscaled Compressed Oops mode in which the Java heap is
#     placed in the first 4GB address space. The Java Heap base address is the
#     maximum limit for the native heap growth. Please use -XX:HeapBaseMinAddress
#     to set the Java Heap base and to place the Java Heap above 4GB virtual address.
# This output file may be truncated or incomplete.
#
#  Out of Memory Error (virtualSpaceNode.cpp:110), pid=15108, tid=15932
#
# JRE version: Java(TM) SE Runtime Environment (17.0.6+9) (build 17.0.6+9-LTS-190)
# Java VM: Java HotSpot(TM) 64-Bit Server VM (17.0.6+9-LTS-190, mixed mode, sharing, tiered, compressed oops, compressed class ptrs, g1 gc, windows-amd64)
# No core dump will be written. Minidumps are not enabled by default on client versions of Windows
#

---------------  S U M M A R Y ------------

Command Line: -XX:+ShowCodeDetailsInExceptionMessages com.example.demo.DemoApplication

Host: 12th Gen Intel(R) Core(TM) i5-1235U, 12 cores, 7G,  Windows 11 , 64 bit Build 22621 (10.0.22621.3085)
Time: Sat Feb 24 11:13:15 2024 India Standard Time elapsed time: 4.040519 seconds (0d 0h 0m 4s)

---------------  T H R E A D  ---------------

Current thread (0x000001ade73ceee0):  JavaThread "restartedMain" [_thread_in_vm, id=15932, stack(0x0000000bc8b00000,0x0000000bc8c00000)]

Stack: [0x0000000bc8b00000,0x0000000bc8c00000]
Native frames: (J=compiled Java code, j=interpreted, Vv=VM code, C=native code)
V  [jvm.dll+0x6734ea]
V  [jvm.dll+0x7d18f4]
V  [jvm.dll+0x7d309e]
V  [jvm.dll+0x7d3703]
V  [jvm.dll+0x2433c5]
V  [jvm.dll+0x7cd9fb]
V  [jvm.dll+0x619546]
V  [jvm.dll+0x1bdf07]
V  [jvm.dll+0x61bea0]
V  [jvm.dll+0x619f06]
V  [jvm.dll+0x1e5ae5]
V  [jvm.dll+0x1e8880]
V  [jvm.dll+0x1de0d1]
V  [jvm.dll+0x5399dc]
V  [jvm.dll+0x74c638]
V  [jvm.dll+0x74c724]
V  [jvm.dll+0x4080bf]
V  [jvm.dll+0x40e0d9]
C  [java.dll+0x17ec]

Java frames: (J=compiled Java code, j=interpreted, Vv=VM code)
J 730  java.lang.ClassLoader.defineClass1(Ljava/lang/ClassLoader;Ljava/lang/String;[BIILjava/security/ProtectionDomain;Ljava/lang/String;)Ljava/lang/Class; java.base@17.0.6 (0 bytes) @ 0x000001add6c95b63 [0x000001add6c95aa0+0x00000000000000c3]
J 1153 c1 java.lang.ClassLoader.defineClass(Ljava/lang/String;[BIILjava/security/ProtectionDomain;)Ljava/lang/Class; java.base@17.0.6 (43 bytes) @ 0x000001adcf387f54 [0x000001adcf387c00+0x0000000000000354]
J 952 c1 java.security.SecureClassLoader.defineClass(Ljava/lang/String;[BIILjava/security/CodeSource;)Ljava/lang/Class; java.base@17.0.6 (16 bytes) @ 0x000001adcf333f0c [0x000001adcf333e40+0x00000000000000cc]
J 731 c1 jdk.internal.loader.BuiltinClassLoader.defineClass(Ljava/lang/String;Ljdk/internal/loader/Resource;)Ljava/lang/Class; java.base@17.0.6 (121 bytes) @ 0x000001adcf2c2064 [0x000001adcf2c1100+0x0000000000000f64]
J 811 c1 jdk.internal.loader.BuiltinClassLoader.findClassOnClassPathOrNull(Ljava/lang/String;)Ljava/lang/Class; java.base@17.0.6 (64 bytes) @ 0x000001adcf2ea4dc [0x000001adcf2e9460+0x000000000000107c]
J 2728 c2 jdk.internal.loader.BuiltinClassLoader.loadClassOrNull(Ljava/lang/String;Z)Ljava/lang/Class; java.base@17.0.6 (143 bytes) @ 0x000001add6da509c [0x000001add6da3ee0+0x00000000000011bc]
J 593 c1 jdk.internal.loader.ClassLoaders$AppClassLoader.loadClass(Ljava/lang/String;Z)Ljava/lang/Class; java.base@17.0.6 (40 bytes) @ 0x000001adcf27ad84 [0x000001adcf27a760+0x0000000000000624]
J 3919 c2 java.lang.ClassLoader.loadClass(Ljava/lang/String;)Ljava/lang/Class; java.base@17.0.6 (7 bytes) @ 0x000001add6eb6040 [0x000001add6eb6000+0x0000000000000040]
v  ~StubRoutines::call_stub
j  net.bytebuddy.implementation.bind.annotation.TargetMethodAnnotationDrivenBinder$DelegationProcessor.prepare(Lnet/bytebuddy/description/method/ParameterDescription;)Lnet/bytebuddy/implementation/bind/annotation/TargetMethodAnnotationDrivenBinder$DelegationProcessor$Handler;+106
j  net.bytebuddy.implementation.bind.annotation.TargetMethodAnnotationDrivenBinder.compile(Lnet/bytebuddy/description/method/MethodDescription;)Lnet/bytebuddy/implementation/bind/MethodDelegationBinder$Record;+69
j  net.bytebuddy.implementation.MethodDelegation$ImplementationDelegate$ForStaticMethod.of(Lnet/bytebuddy/description/method/MethodList;Lnet/bytebuddy/implementation/bind/MethodDelegationBinder;)Lnet/bytebuddy/implementation/MethodDelegation$ImplementationDelegate;+45
j  net.bytebuddy.implementation.MethodDelegation$WithCustomProperties.to(Lnet/bytebuddy/description/type/TypeDescription;)Lnet/bytebuddy/implementation/MethodDelegation;+109
j  net.bytebuddy.implementation.MethodDelegation$WithCustomProperties.to(Ljava/lang/Class;)Lnet/bytebuddy/implementation/MethodDelegation;+5
j  net.bytebuddy.implementation.MethodDelegation.to(Ljava/lang/Class;)Lnet/bytebuddy/implementation/MethodDelegation;+4
j  org.hibernate.bytecode.internal.bytebuddy.ByteBuddyState$ProxyDefinitionHelpers$1.run()Lnet/bytebuddy/implementation/MethodDelegation;+2
j  org.hibernate.bytecode.internal.bytebuddy.ByteBuddyState$ProxyDefinitionHelpers$1.run()Ljava/lang/Object;+1
j  org.hibernate.bytecode.internal.bytebuddy.ByteBuddyState$ProxyDefinitionHelpers.<init>()V+235
j  org.hibernate.bytecode.internal.bytebuddy.ByteBuddyState.<clinit>()V+18
v  ~StubRoutines::call_stub
j  org.hibernate.bytecode.internal.bytebuddy.BytecodeProviderImpl.<init>(Lnet/bytebuddy/ClassFileVersion;)V+5
j  org.hibernate.bytecode.internal.bytebuddy.BytecodeProviderImpl.<init>()V+7
v  ~StubRoutines::call_stub
J 1921  jdk.internal.reflect.NativeConstructorAccessorImpl.newInstance0(Ljava/lang/reflect/Constructor;[Ljava/lang/Object;)Ljava/lang/Object; java.base@17.0.6 (0 bytes) @ 0x000001add6d0730e [0x000001add6d072a0+0x000000000000006e]
J 1696 c1 jdk.internal.reflect.NativeConstructorAccessorImpl.newInstance([Ljava/lang/Object;)Ljava/lang/Object; java.base@17.0.6 (122 bytes) @ 0x000001adcf491d8c [0x000001adcf491560+0x000000000000082c]
J 1695 c1 jdk.internal.reflect.DelegatingConstructorAccessorImpl.newInstance([Ljava/lang/Object;)Ljava/lang/Object; java.base@17.0.6 (9 bytes) @ 0x000001adcf491144 [0x000001adcf491040+0x0000000000000104]
J 1694 c1 java.lang.reflect.Constructor.newInstanceWithCaller([Ljava/lang/Object;ZLjava/lang/Class;)Ljava/lang/Object; java.base@17.0.6 (75 bytes) @ 0x000001adcf490b54 [0x000001adcf490900+0x0000000000000254]
J 1703 c1 java.lang.reflect.Constructor.newInstance([Ljava/lang/Object;)Ljava/lang/Object; java.base@17.0.6 (34 bytes) @ 0x000001adcf4943ac [0x000001adcf494240+0x000000000000016c]
j  java.util.ServiceLoader$ProviderImpl.newInstance()Ljava/lang/Object;+19 java.base@17.0.6
j  java.util.ServiceLoader$ProviderImpl.get()Ljava/lang/Object;+13 java.base@17.0.6
j  java.util.ServiceLoader$3.next()Ljava/lang/Object;+58 java.base@17.0.6
j  org.hibernate.bytecode.internal.BytecodeProviderInitiator.getBytecodeProvider(Ljava/lang/Iterable;)Lorg/hibernate/bytecode/spi/BytecodeProvider;+25
j  org.hibernate.bytecode.internal.BytecodeProviderInitiator.buildDefaultBytecodeProvider()Lorg/hibernate/bytecode/spi/BytecodeProvider;+10
j  org.hibernate.jpa.internal.enhance.EnhancingClassTransformerImpl.<init>(Lorg/hibernate/bytecode/enhance/spi/EnhancementContext;)V+26
j  org.hibernate.jpa.boot.internal.PersistenceUnitInfoDescriptor.pushClassTransformer(Lorg/hibernate/bytecode/enhance/spi/EnhancementContext;)V+46
j  org.springframework.orm.jpa.vendor.SpringHibernateJpaPersistenceProvider$1.pushClassTransformer(Lorg/hibernate/bytecode/enhance/spi/EnhancementContext;)V+8
j  org.hibernate.jpa.boot.internal.EntityManagerFactoryBuilderImpl.<init>(Lorg/hibernate/jpa/boot/spi/PersistenceUnitDescriptor;Ljava/util/Map;Ljava/lang/ClassLoader;Lorg/hibernate/boot/registry/classloading/spi/ClassLoaderService;Ljava/util/function/Consumer;)V+533
j  org.hibernate.jpa.boot.internal.EntityManagerFactoryBuilderImpl.<init>(Lorg/hibernate/jpa/boot/spi/PersistenceUnitDescriptor;Ljava/util/Map;)V+6
j  org.springframework.orm.jpa.vendor.SpringHibernateJpaPersistenceProvider.createContainerEntityManagerFactory(Ljakarta/persistence/spi/PersistenceUnitInfo;Ljava/util/Map;)Ljakarta/persistence/EntityManagerFactory;+56
j  org.springframework.orm.jpa.LocalContainerEntityManagerFactoryBean.createNativeEntityManagerFactory()Ljakarta/persistence/EntityManagerFactory;+111
j  org.springframework.orm.jpa.AbstractEntityManagerFactoryBean.buildNativeEntityManagerFactory()Ljakarta/persistence/EntityManagerFactory;+1
j  org.springframework.orm.jpa.AbstractEntityManagerFactoryBean.afterPropertiesSet()V+192
j  org.springframework.orm.jpa.LocalContainerEntityManagerFactoryBean.afterPropertiesSet()V+84
j  org.springframework.beans.factory.support.AbstractAutowireCapableBeanFactory.invokeInitMethods(Ljava/lang/String;Ljava/lang/Object;Lorg/springframework/beans/factory/support/RootBeanDefinition;)V+56
j  org.springframework.beans.factory.support.AbstractAutowireCapableBeanFactory.initializeBean(Ljava/lang/String;Ljava/lang/Object;Lorg/springframework/beans/factory/support/RootBeanDefinition;)Ljava/lang/Object;+34
j  org.springframework.beans.factory.support.AbstractAutowireCapableBeanFactory.doCreateBean(Ljava/lang/String;Lorg/springframework/beans/factory/support/RootBeanDefinition;[Ljava/lang/Object;)Ljava/lang/Object;+228
j  org.springframework.beans.factory.support.AbstractAutowireCapableBeanFactory.createBean(Ljava/lang/String;Lorg/springframework/beans/factory/support/RootBeanDefinition;[Ljava/lang/Object;)Ljava/lang/Object;+153
j  org.springframework.beans.factory.support.AbstractBeanFactory.lambda$doGetBean$0(Ljava/lang/String;Lorg/springframework/beans/factory/support/RootBeanDefinition;[Ljava/lang/Object;)Ljava/lang/Object;+4
j  org.springframework.beans.factory.support.AbstractBeanFactory$$Lambda$283+0x0000000800dcb9a0.getObject()Ljava/lang/Object;+16
j  org.springframework.beans.factory.support.DefaultSingletonBeanRegistry.getSingleton(Ljava/lang/String;Lorg/springframework/beans/factory/ObjectFactory;)Ljava/lang/Object;+114
J 2416 c1 org.springframework.beans.factory.support.AbstractBeanFactory.doGetBean(Ljava/lang/String;Ljava/lang/Class;[Ljava/lang/Object;Z)Ljava/lang/Object; (740 bytes) @ 0x000001adcf62fd94 [0x000001adcf62dac0+0x00000000000022d4]
j  org.springframework.beans.factory.support.AbstractBeanFactory.getBean(Ljava/lang/String;)Ljava/lang/Object;+5
j  org.springframework.context.support.AbstractApplicationContext.getBean(Ljava/lang/String;)Ljava/lang/Object;+9
j  org.springframework.context.support.AbstractApplicationContext.finishBeanFactoryInitialization(Lorg/springframework/beans/factory/config/ConfigurableListableBeanFactory;)V+106
j  org.springframework.context.support.AbstractApplicationContext.refresh()V+94
j  org.springframework.boot.web.servlet.context.ServletWebServerApplicationContext.refresh()V+1
j  org.springframework.boot.SpringApplication.refresh(Lorg/springframework/context/ConfigurableApplicationContext;)V+1
j  org.springframework.boot.SpringApplication.refreshContext(Lorg/springframework/context/ConfigurableApplicationContext;)V+16
j  org.springframework.boot.SpringApplication.run([Ljava/lang/String;)Lorg/springframework/context/ConfigurableApplicationContext;+110
j  org.springframework.boot.SpringApplication.run([Ljava/lang/Class;[Ljava/lang/String;)Lorg/springframework/context/ConfigurableApplicationContext;+9
j  org.springframework.boot.SpringApplication.run(Ljava/lang/Class;[Ljava/lang/String;)Lorg/springframework/context/ConfigurableApplicationContext;+9
j  com.example.demo.DemoApplication.main([Ljava/lang/String;)V+3
v  ~StubRoutines::call_stub
j  jdk.internal.reflect.NativeMethodAccessorImpl.invoke0(Ljava/lang/reflect/Method;Ljava/lang/Object;[Ljava/lang/Object;)Ljava/lang/Object;+0 java.base@17.0.6
j  jdk.internal.reflect.NativeMethodAccessorImpl.invoke(Ljava/lang/Object;[Ljava/lang/Object;)Ljava/lang/Object;+133 java.base@17.0.6
j  jdk.internal.reflect.DelegatingMethodAccessorImpl.invoke(Ljava/lang/Object;[Ljava/lang/Object;)Ljava/lang/Object;+6 java.base@17.0.6
j  java.lang.reflect.Method.invoke(Ljava/lang/Object;[Ljava/lang/Object;)Ljava/lang/Object;+59 java.base@17.0.6
j  org.springframework.boot.devtools.restart.RestartLauncher.run()V+47
v  ~StubRoutines::call_stub

---------------  P R O C E S S  ---------------

Threads class SMR info:
_java_thread_list=0x000001adecdecbb0, length=20, elements={
0x000001adc7903aa0, 0x000001ade56e06b0, 0x000001ade56e2330, 0x000001ade56f9410,
0x000001ade56f9cd0, 0x000001ade56fa590, 0x000001ade56fb5f0, 0x000001ade56fc290,
0x000001ade5703090, 0x000001ade571b730, 0x000001ade68f7ae0, 0x000001ade6901f70,
0x000001ade695ddf0, 0x000001ade6e71790, 0x000001ade73cc6e0, 0x000001ade73ceee0,
0x000001ade9592f30, 0x000001ade9032040, 0x000001ade95c7700, 0x000001ade8ef5cf0
}

Java Threads: ( => current thread )
  0x000001adc7903aa0 JavaThread "main" [_thread_blocked, id=7068, stack(0x0000000bc7500000,0x0000000bc7600000)]
  0x000001ade56e06b0 JavaThread "Reference Handler" daemon [_thread_blocked, id=9992, stack(0x0000000bc7c00000,0x0000000bc7d00000)]
  0x000001ade56e2330 JavaThread "Finalizer" daemon [_thread_blocked, id=11448, stack(0x0000000bc7d00000,0x0000000bc7e00000)]
  0x000001ade56f9410 JavaThread "Signal Dispatcher" daemon [_thread_blocked, id=16444, stack(0x0000000bc7e00000,0x0000000bc7f00000)]
  0x000001ade56f9cd0 JavaThread "Attach Listener" daemon [_thread_blocked, id=11984, stack(0x0000000bc7f00000,0x0000000bc8000000)]
  0x000001ade56fa590 JavaThread "Service Thread" daemon [_thread_blocked, id=5372, stack(0x0000000bc8000000,0x0000000bc8100000)]
  0x000001ade56fb5f0 JavaThread "Monitor Deflation Thread" daemon [_thread_blocked, id=17736, stack(0x0000000bc8100000,0x0000000bc8200000)]
  0x000001ade56fc290 JavaThread "C2 CompilerThread0" daemon [_thread_blocked, id=14136, stack(0x0000000bc8200000,0x0000000bc8300000)]
  0x000001ade5703090 JavaThread "C1 CompilerThread0" daemon [_thread_blocked, id=5616, stack(0x0000000bc8300000,0x0000000bc8400000)]
  0x000001ade571b730 JavaThread "Sweeper thread" daemon [_thread_blocked, id=3500, stack(0x0000000bc8400000,0x0000000bc8500000)]
  0x000001ade68f7ae0 JavaThread "Notification Thread" daemon [_thread_blocked, id=11744, stack(0x0000000bc8500000,0x0000000bc8600000)]
  0x000001ade6901f70 JavaThread "Common-Cleaner" daemon [_thread_blocked, id=13732, stack(0x0000000bc8700000,0x0000000bc8800000)]
  0x000001ade695ddf0 JavaThread "C2 CompilerThread1" daemon [_thread_blocked, id=11724, stack(0x0000000bc8800000,0x0000000bc8900000)]
  0x000001ade6e71790 JavaThread "C2 CompilerThread2" daemon [_thread_blocked, id=7632, stack(0x0000000bc8900000,0x0000000bc8a00000)]
  0x000001ade73cc6e0 JavaThread "Thread-0" [_thread_blocked, id=8652, stack(0x0000000bc8a00000,0x0000000bc8b00000)]
=>0x000001ade73ceee0 JavaThread "restartedMain" [_thread_in_vm, id=15932, stack(0x0000000bc8b00000,0x0000000bc8c00000)]
  0x000001ade9592f30 JavaThread "Catalina-utility-1" [_thread_blocked, id=17976, stack(0x0000000bc9700000,0x0000000bc9800000)]
  0x000001ade9032040 JavaThread "Catalina-utility-2" [_thread_blocked, id=14512, stack(0x0000000bc9800000,0x0000000bc9900000)]
  0x000001ade95c7700 JavaThread "container-0" [_thread_blocked, id=1984, stack(0x0000000bc9900000,0x0000000bc9a00000)]
  0x000001ade8ef5cf0 JavaThread "mysql-cj-abandoned-connection-cleanup" daemon [_thread_blocked, id=18980, stack(0x0000000bc9a00000,0x0000000bc9b00000)]

Other Threads:
  0x000001ade56dc420 VMThread "VM Thread" [stack: 0x0000000bc7b00000,0x0000000bc7c00000] [id=12024]
  0x000001ade573ed30 WatcherThread [stack: 0x0000000bc8600000,0x0000000bc8700000] [id=2284]
  0x000001adc7965ba0 GCTaskThread "GC Thread#0" [stack: 0x0000000bc7600000,0x0000000bc7700000] [id=13284]
  0x000001ade7472500 GCTaskThread "GC Thread#1" [stack: 0x0000000bc8c00000,0x0000000bc8d00000] [id=8620]
  0x000001ade74727b0 GCTaskThread "GC Thread#2" [stack: 0x0000000bc8d00000,0x0000000bc8e00000] [id=17820]
  0x000001ade74c00c0 GCTaskThread "GC Thread#3" [stack: 0x0000000bc8e00000,0x0000000bc8f00000] [id=13244]
  0x000001ade74c0370 GCTaskThread "GC Thread#4" [stack: 0x0000000bc8f00000,0x0000000bc9000000] [id=4488]
  0x000001ade74c0620 GCTaskThread "GC Thread#5" [stack: 0x0000000bc9000000,0x0000000bc9100000] [id=7204]
  0x000001ade8022ce0 GCTaskThread "GC Thread#6" [stack: 0x0000000bc9200000,0x0000000bc9300000] [id=1464]
  0x000001ade809d730 GCTaskThread "GC Thread#7" [stack: 0x0000000bc9300000,0x0000000bc9400000] [id=10992]
  0x000001ade8cc7810 GCTaskThread "GC Thread#8" [stack: 0x0000000bc9400000,0x0000000bc9500000] [id=14224]
  0x000001ade8001380 GCTaskThread "GC Thread#9" [stack: 0x0000000bc9500000,0x0000000bc9600000] [id=18028]
  0x000001adc7975fa0 ConcurrentGCThread "G1 Main Marker" [stack: 0x0000000bc7700000,0x0000000bc7800000] [id=11036]
  0x000001adc7978060 ConcurrentGCThread "G1 Conc#0" [stack: 0x0000000bc7800000,0x0000000bc7900000] [id=15308]
  0x000001ade8c1e8e0 ConcurrentGCThread "G1 Conc#1" [stack: 0x0000000bc9100000,0x0000000bc9200000] [id=1744]
  0x000001ade8c1d8c0 ConcurrentGCThread "G1 Conc#2" [stack: 0x0000000bc9600000,0x0000000bc9700000] [id=15556]
  0x000001ade5595ff0 ConcurrentGCThread "G1 Refine#0" [stack: 0x0000000bc7900000,0x0000000bc7a00000] [id=18096]
  0x000001ade5596820 ConcurrentGCThread "G1 Service" [stack: 0x0000000bc7a00000,0x0000000bc7b00000] [id=9336]

Threads with active compile tasks:

VM state: not at safepoint (normal execution)

VM Mutex/Monitor currently owned by a thread:  ([mutex/lock_event])
[0x000001adc78fea90] Metaspace_lock - owner thread: 0x000001ade73ceee0

Heap address: 0x0000000085200000, size: 1966 MB, Compressed Oops mode: 32-bit

CDS archive(s) mapped at: [0x0000000800000000-0x0000000800bd0000-0x0000000800bd0000), size 12386304, SharedBaseAddress: 0x0000000800000000, ArchiveRelocationMode: 0.
Compressed class space mapped at: 0x0000000800c00000-0x0000000840c00000, reserved size: 1073741824
Narrow klass base: 0x0000000800000000, Narrow klass shift: 0, Narrow klass range: 0x100000000

GC Precious Log:
 CPUs: 12 total, 12 available
 Memory: 7863M
 Large Page Support: Disabled
 NUMA Support: Disabled
 Compressed Oops: Enabled (32-bit)
 Heap Region Size: 1M
 Heap Min Capacity: 8M
 Heap Initial Capacity: 124M
 Heap Max Capacity: 1966M
 Pre-touch: Disabled
 Parallel Workers: 10
 Concurrent Workers: 3
 Concurrent Refinement Workers: 10
 Periodic GC: Disabled

Heap:
 garbage-first heap   total 51200K, used 34821K [0x0000000085200000, 0x0000000100000000)
  region size 1024K, 21 young (21504K), 2 survivors (2048K)
 Metaspace       used 33497K, committed 33920K, reserved 1081344K
  class space    used 4418K, committed 4608K, reserved 1048576K

Heap Regions: E=young(eden), S=young(survivor), O=old, HS=humongous(starts), HC=humongous(continues), CS=collection set, F=free, OA=open archive, CA=closed archive, TAMS=top-at-mark-start (previous, next)
|   0|0x0000000085200000, 0x0000000085300000, 0x0000000085300000|100%|HS|  |TAMS 0x0000000085300000, 0x0000000085200000| Complete 
|   1|0x0000000085300000, 0x0000000085400000, 0x0000000085400000|100%| O|  |TAMS 0x0000000085400000, 0x0000000085300000| Untracked 
|   2|0x0000000085400000, 0x0000000085500000, 0x0000000085500000|100%| O|  |TAMS 0x0000000085500000, 0x0000000085400000| Untracked 
|   3|0x0000000085500000, 0x0000000085600000, 0x0000000085600000|100%| O|  |TAMS 0x0000000085600000, 0x0000000085500000| Untracked 
|   4|0x0000000085600000, 0x0000000085700000, 0x0000000085700000|100%| O|  |TAMS 0x0000000085700000, 0x0000000085600000| Untracked 
|   5|0x0000000085700000, 0x0000000085800000, 0x0000000085800000|100%| O|  |TAMS 0x0000000085800000, 0x0000000085700000| Untracked 
|   6|0x0000000085800000, 0x0000000085899400, 0x0000000085900000| 59%| O|  |TAMS 0x0000000085899400, 0x0000000085800000| Untracked 
|   7|0x0000000085900000, 0x0000000085a00000, 0x0000000085a00000|100%| O|  |TAMS 0x0000000085900000, 0x0000000085900000| Untracked 
|   8|0x0000000085a00000, 0x0000000085b00000, 0x0000000085b00000|100%| O|  |TAMS 0x0000000085a00000, 0x0000000085a00000| Untracked 
|   9|0x0000000085b00000, 0x0000000085c00000, 0x0000000085c00000|100%| O|  |TAMS 0x0000000085b00000, 0x0000000085b00000| Untracked 
|  10|0x0000000085c00000, 0x0000000085d00000, 0x0000000085d00000|100%| O|  |TAMS 0x0000000085c00000, 0x0000000085c00000| Untracked 
|  11|0x0000000085d00000, 0x0000000085e00000, 0x0000000085e00000|100%| O|  |TAMS 0x0000000085d00000, 0x0000000085d00000| Untracked 
|  12|0x0000000085e00000, 0x0000000085f00000, 0x0000000085f00000|100%| O|  |TAMS 0x0000000085e00000, 0x0000000085e00000| Untracked 
|  13|0x0000000085f00000, 0x0000000086000000, 0x0000000086000000|100%| O|  |TAMS 0x0000000085f00000, 0x0000000085f00000| Untracked 
|  14|0x0000000086000000, 0x0000000086100000, 0x0000000086100000|100%| O|  |TAMS 0x0000000086000000, 0x0000000086000000| Untracked 
|  15|0x0000000086100000, 0x00000000861c7a00, 0x0000000086200000| 77%| O|  |TAMS 0x0000000086100000, 0x0000000086100000| Untracked 
|  16|0x0000000086200000, 0x0000000086200000, 0x0000000086300000|  0%| F|  |TAMS 0x0000000086200000, 0x0000000086200000| Untracked 
|  17|0x0000000086300000, 0x0000000086300000, 0x0000000086400000|  0%| F|  |TAMS 0x0000000086300000, 0x0000000086300000| Untracked 
|  18|0x0000000086400000, 0x0000000086400000, 0x0000000086500000|  0%| F|  |TAMS 0x0000000086400000, 0x0000000086400000| Untracked 
|  19|0x0000000086500000, 0x0000000086500000, 0x0000000086600000|  0%| F|  |TAMS 0x0000000086500000, 0x0000000086500000| Untracked 
|  20|0x0000000086600000, 0x0000000086600000, 0x0000000086700000|  0%| F|  |TAMS 0x0000000086600000, 0x0000000086600000| Untracked 
|  21|0x0000000086700000, 0x0000000086700000, 0x0000000086800000|  0%| F|  |TAMS 0x0000000086700000, 0x0000000086700000| Untracked 
|  22|0x0000000086800000, 0x0000000086800000, 0x0000000086900000|  0%| F|  |TAMS 0x0000000086800000, 0x0000000086800000| Untracked 
|  23|0x0000000086900000, 0x0000000086900000, 0x0000000086a00000|  0%| F|  |TAMS 0x0000000086900000, 0x0000000086900000| Untracked 
|  24|0x0000000086a00000, 0x0000000086a00000, 0x0000000086b00000|  0%| F|  |TAMS 0x0000000086a00000, 0x0000000086a00000| Untracked 
|  25|0x0000000086b00000, 0x0000000086b00000, 0x0000000086c00000|  0%| F|  |TAMS 0x0000000086b00000, 0x0000000086b00000| Untracked 
|  26|0x0000000086c00000, 0x0000000086c00000, 0x0000000086d00000|  0%| F|  |TAMS 0x0000000086c00000, 0x0000000086c00000| Untracked 
|  27|0x0000000086d00000, 0x0000000086d00000, 0x0000000086e00000|  0%| F|  |TAMS 0x0000000086d00000, 0x0000000086d00000| Untracked 
|  28|0x0000000086e00000, 0x0000000086e00000, 0x0000000086f00000|  0%| F|  |TAMS 0x0000000086e00000, 0x0000000086e00000| Untracked 
|  29|0x0000000086f00000, 0x0000000086fa0870, 0x0000000087000000| 62%| S|CS|TAMS 0x0000000086f00000, 0x0000000086f00000| Complete 
|  30|0x0000000087000000, 0x0000000087100000, 0x0000000087100000|100%| S|CS|TAMS 0x0000000087000000, 0x0000000087000000| Complete 
|  31|0x0000000087100000, 0x0000000087200000, 0x0000000087200000|100%| E|  |TAMS 0x0000000087100000, 0x0000000087100000| Complete 
|  32|0x0000000087200000, 0x0000000087300000, 0x0000000087300000|100%| E|CS|TAMS 0x0000000087200000, 0x0000000087200000| Complete 
|  33|0x0000000087300000, 0x0000000087400000, 0x0000000087400000|100%| E|CS|TAMS 0x0000000087300000, 0x0000000087300000| Complete 
|  34|0x0000000087400000, 0x0000000087500000, 0x0000000087500000|100%| E|CS|TAMS 0x0000000087400000, 0x0000000087400000| Complete 
|  35|0x0000000087500000, 0x0000000087600000, 0x0000000087600000|100%| E|CS|TAMS 0x0000000087500000, 0x0000000087500000| Complete 
|  36|0x0000000087600000, 0x0000000087700000, 0x0000000087700000|100%| E|CS|TAMS 0x0000000087600000, 0x0000000087600000| Complete 
|  37|0x0000000087700000, 0x0000000087800000, 0x0000000087800000|100%| E|CS|TAMS 0x0000000087700000, 0x0000000087700000| Complete 
|  38|0x0000000087800000, 0x0000000087900000, 0x0000000087900000|100%| E|CS|TAMS 0x0000000087800000, 0x0000000087800000| Complete 
|  39|0x0000000087900000, 0x0000000087a00000, 0x0000000087a00000|100%| E|CS|TAMS 0x0000000087900000, 0x0000000087900000| Complete 
|  40|0x0000000087a00000, 0x0000000087b00000, 0x0000000087b00000|100%| E|CS|TAMS 0x0000000087a00000, 0x0000000087a00000| Complete 
|  41|0x0000000087b00000, 0x0000000087c00000, 0x0000000087c00000|100%| E|CS|TAMS 0x0000000087b00000, 0x0000000087b00000| Complete 
|  61|0x0000000088f00000, 0x0000000089000000, 0x0000000089000000|100%| E|  |TAMS 0x0000000088f00000, 0x0000000088f00000| Complete 
|  62|0x0000000089000000, 0x0000000089100000, 0x0000000089100000|100%| E|CS|TAMS 0x0000000089000000, 0x0000000089000000| Complete 
|  63|0x0000000089100000, 0x0000000089200000, 0x0000000089200000|100%| E|CS|TAMS 0x0000000089100000, 0x0000000089100000| Complete 
|  64|0x0000000089200000, 0x0000000089300000, 0x0000000089300000|100%| E|CS|TAMS 0x0000000089200000, 0x0000000089200000| Complete 
|  65|0x0000000089300000, 0x0000000089400000, 0x0000000089400000|100%| E|CS|TAMS 0x0000000089300000, 0x0000000089300000| Complete 
|  66|0x0000000089400000, 0x0000000089500000, 0x0000000089500000|100%| E|CS|TAMS 0x0000000089400000, 0x0000000089400000| Complete 
|  67|0x0000000089500000, 0x0000000089600000, 0x0000000089600000|100%| E|CS|TAMS 0x0000000089500000, 0x0000000089500000| Complete 
| 123|0x000000008cd00000, 0x000000008ce00000, 0x000000008ce00000|100%| E|CS|TAMS 0x000000008cd00000, 0x000000008cd00000| Complete 

Card table byte_map: [0x000001addeab0000,0x000001addee90000] _byte_map_base: 0x000001adde687000

Marking Bits (Prev, Next): (CMBitMap*) 0x000001adc79660f0, (CMBitMap*) 0x000001adc79660b0
 Prev Bits: [0x000001ade1130000, 0x000001ade2fe8000)
 Next Bits: [0x000001addf270000, 0x000001ade1128000)

Polling page: 0x000001adc5880000

Metaspace:

Usage:
  Non-class:     28.40 MB used.
      Class:      4.31 MB used.
       Both:     32.71 MB used.

Virtual space:
  Non-class space:       32.00 MB reserved,      28.62 MB ( 89%) committed,  4 nodes.
      Class space:        1.00 GB reserved,       4.50 MB ( <1%) committed,  1 nodes.
             Both:        1.03 GB reserved,      33.12 MB (  3%) committed. 

Chunk freelists:
   Non-Class:  3.36 MB
       Class:  3.51 MB
        Both:  6.87 MB

MaxMetaspaceSize: unlimited
CompressedClassSpaceSize: 1.00 GB
Initial GC threshold: 21.00 MB
Current GC threshold: 35.12 MB
CDS: on
MetaspaceReclaimPolicy: balanced
 - commit_granule_bytes: 65536.
 - commit_granule_words: 8192.
 - virtual_space_node_default_size: 1048576.
 - enlarge_chunks_in_place: 1.
 - new_chunks_are_fully_committed: 0.
 - uncommit_free_chunks: 1.
 - use_allocation_guard: 0.
 - handle_deallocations: 1.


Internal statistics:

num_allocs_failed_limit: 3.
num_arena_births: 554.
num_arena_deaths: 0.
num_vsnodes_births: 5.
num_vsnodes_deaths: 0.
num_space_committed: 530.
num_space_uncommitted: 0.
num_chunks_returned_to_freelist: 3.
num_chunks_taken_from_freelist: 1790.
num_chunk_merges: 3.
num_chunk_splits: 1240.
num_chunks_enlarged: 916.
num_purges: 0.
num_inconsistent_stats: 0.

CodeHeap 'non-profiled nmethods': size=120000Kb used=2586Kb max_used=2586Kb free=117413Kb
 bounds [0x000001add6c50000, 0x000001add6ee0000, 0x000001adde180000]
CodeHeap 'profiled nmethods': size=120000Kb used=8447Kb max_used=8447Kb free=111552Kb
 bounds [0x000001adcf180000, 0x000001adcf9c0000, 0x000001add66b0000]
CodeHeap 'non-nmethods': size=5760Kb used=1218Kb max_used=1302Kb free=4541Kb
 bounds [0x000001add66b0000, 0x000001add6920000, 0x000001add6c50000]
 total_blobs=4481 nmethods=3958 adapters=435
 compilation: enabled
              stopped_count=0, restarted_count=0
 full_count=0

Compilation events (20 events):
Event: 4.022 Thread 0x000001ade56fc290 3950       4       java.lang.PublicMethods$MethodList::filter (104 bytes)
Event: 4.023 Thread 0x000001ade6e71790 3951   !   4       jdk.internal.ref.PhantomCleanable::remove (60 bytes)
Event: 4.026 Thread 0x000001ade6e71790 nmethod 3951 0x000001add6ed3590 code [0x000001add6ed3720, 0x000001add6ed3c18]
Event: 4.027 Thread 0x000001ade6e71790 3952       4       java.nio.ByteBuffer::position (8 bytes)
Event: 4.027 Thread 0x000001ade6e71790 nmethod 3952 0x000001add6ed3d90 code [0x000001add6ed3f00, 0x000001add6ed3fd8]
Event: 4.028 Thread 0x000001ade5703090 3953       3       java.lang.reflect.ProxyGenerator$$Lambda$36/0x0000000800c67da8::apply (8 bytes)
Event: 4.028 Thread 0x000001ade5703090 nmethod 3953 0x000001adcf9ba390 code [0x000001adcf9ba540, 0x000001adcf9ba848]
Event: 4.028 Thread 0x000001ade5703090 3954       3       java.lang.reflect.ProxyGenerator::lambda$addProxyMethod$0 (9 bytes)
Event: 4.028 Thread 0x000001ade5703090 nmethod 3954 0x000001adcf9ba990 code [0x000001adcf9bab40, 0x000001adcf9bacc8]
Event: 4.028 Thread 0x000001ade695ddf0 3955       4       java.lang.reflect.Method::copy (84 bytes)
Event: 4.029 Thread 0x000001ade6e71790 3956       4       java.lang.reflect.Method::<init> (68 bytes)
Event: 4.030 Thread 0x000001ade5703090 3957       3       java.lang.reflect.ProxyGenerator$ProxyMethod::codeFieldInitialization (165 bytes)
Event: 4.030 Thread 0x000001ade5703090 nmethod 3957 0x000001adcf9bad90 code [0x000001adcf9bb040, 0x000001adcf9bbd28]
Event: 4.031 Thread 0x000001ade695ddf0 nmethod 3955 0x000001add6ed4090 code [0x000001add6ed4220, 0x000001add6ed4518]
Event: 4.033 Thread 0x000001ade5703090 3958       3       java.lang.reflect.ProxyGenerator::computeUniqueCatchList (163 bytes)
Event: 4.035 Thread 0x000001ade5703090 nmethod 3958 0x000001adcf9bc190 code [0x000001adcf9bc4e0, 0x000001adcf9bdef8]
Event: 4.035 Thread 0x000001ade5703090 3959       3       java.lang.reflect.ProxyGenerator$ProxyMethod::codeUnwrapReturnValue (172 bytes)
Event: 4.035 Thread 0x000001ade56fc290 nmethod 3950 0x000001add6ed4610 code [0x000001add6ed47c0, 0x000001add6ed4f98]
Event: 4.036 Thread 0x000001ade5703090 nmethod 3959 0x000001adcf9be810 code [0x000001adcf9beac0, 0x000001adcf9bf9f8]
Event: 4.036 Thread 0x000001ade56fc290 3960       4       java.lang.String::newStringUTF8NoRepl (276 bytes)

GC Heap History (10 events):
Event: 0.449 GC heap before
{Heap before GC invocations=0 (full 0):
 garbage-first heap   total 126976K, used 23552K [0x0000000085200000, 0x0000000100000000)
  region size 1024K, 23 young (23552K), 0 survivors (0K)
 Metaspace       used 5619K, committed 5824K, reserved 1056768K
  class space    used 658K, committed 768K, reserved 1048576K
}
Event: 0.452 GC heap after
{Heap after GC invocations=1 (full 0):
 garbage-first heap   total 126976K, used 6494K [0x0000000085200000, 0x0000000100000000)
  region size 1024K, 3 young (3072K), 3 survivors (3072K)
 Metaspace       used 5619K, committed 5824K, reserved 1056768K
  class space    used 658K, committed 768K, reserved 1048576K
}
Event: 0.900 GC heap before
{Heap before GC invocations=1 (full 0):
 garbage-first heap   total 126976K, used 35166K [0x0000000085200000, 0x0000000100000000)
  region size 1024K, 32 young (32768K), 3 survivors (3072K)
 Metaspace       used 12978K, committed 13184K, reserved 1064960K
  class space    used 1575K, committed 1664K, reserved 1048576K
}
Event: 0.906 GC heap after
{Heap after GC invocations=2 (full 0):
 garbage-first heap   total 126976K, used 9232K [0x0000000085200000, 0x0000000100000000)
  region size 1024K, 3 young (3072K), 3 survivors (3072K)
 Metaspace       used 12978K, committed 13184K, reserved 1064960K
  class space    used 1575K, committed 1664K, reserved 1048576K
}
Event: 2.184 GC heap before
{Heap before GC invocations=2 (full 0):
 garbage-first heap   total 126976K, used 62480K [0x0000000085200000, 0x0000000100000000)
  region size 1024K, 56 young (57344K), 3 survivors (3072K)
 Metaspace       used 21288K, committed 21504K, reserved 1073152K
  class space    used 2656K, committed 2752K, reserved 1048576K
}
Event: 2.189 GC heap after
{Heap after GC invocations=3 (full 0):
 garbage-first heap   total 126976K, used 13469K [0x0000000085200000, 0x0000000100000000)
  region size 1024K, 7 young (7168K), 7 survivors (7168K)
 Metaspace       used 21288K, committed 21504K, reserved 1073152K
  class space    used 2656K, committed 2752K, reserved 1048576K
}
Event: 2.951 GC heap before
{Heap before GC invocations=4 (full 0):
 garbage-first heap   total 51200K, used 37021K [0x0000000085200000, 0x0000000100000000)
  region size 1024K, 30 young (30720K), 7 survivors (7168K)
 Metaspace       used 25783K, committed 26176K, reserved 1073152K
  class space    used 3331K, committed 3520K, reserved 1048576K
}
Event: 2.959 GC heap after
{Heap after GC invocations=5 (full 0):
 garbage-first heap   total 51200K, used 16068K [0x0000000085200000, 0x0000000100000000)
  region size 1024K, 3 young (3072K), 3 survivors (3072K)
 Metaspace       used 25783K, committed 26176K, reserved 1073152K
  class space    used 3331K, committed 3520K, reserved 1048576K
}
Event: 3.571 GC heap before
{Heap before GC invocations=5 (full 0):
 garbage-first heap   total 51200K, used 34500K [0x0000000085200000, 0x0000000100000000)
  region size 1024K, 22 young (22528K), 3 survivors (3072K)
 Metaspace       used 28487K, committed 28928K, reserved 1081344K
  class space    used 3675K, committed 3904K, reserved 1048576K
}
Event: 3.577 GC heap after
{Heap after GC invocations=6 (full 0):
 garbage-first heap   total 51200K, used 17413K [0x0000000085200000, 0x0000000100000000)
  region size 1024K, 2 young (2048K), 2 survivors (2048K)
 Metaspace       used 28487K, committed 28928K, reserved 1081344K
  class space    used 3675K, committed 3904K, reserved 1048576K
}

Deoptimization events (20 events):
Event: 3.500 Thread 0x000001ade73ceee0 Uncommon trap: trap_request=0xffffff45 fr.pc=0x000001add6cde270 relative=0x0000000000000310
Event: 3.500 Thread 0x000001ade73ceee0 Uncommon trap: reason=unstable_if action=reinterpret pc=0x000001add6cde270 method=org.springframework.boot.context.properties.source.ConfigurationPropertyName.getElement(ILorg/springframework/boot/context/properties/source/ConfigurationPropertyName$Form;)
Event: 3.500 Thread 0x000001ade73ceee0 DEOPT PACKING pc=0x000001add6cde270 sp=0x0000000bc8bfb1b0
Event: 3.501 Thread 0x000001ade73ceee0 DEOPT UNPACKING pc=0x000001add67023a3 sp=0x0000000bc8bfb190 mode 2
Event: 3.518 Thread 0x000001ade73ceee0 DEOPT PACKING pc=0x000001adcf8e16b8 sp=0x0000000bc8bf76d0
Event: 3.519 Thread 0x000001ade73ceee0 DEOPT UNPACKING pc=0x000001add6702b43 sp=0x0000000bc8bf6be8 mode 0
Event: 3.555 Thread 0x000001ade73ceee0 DEOPT PACKING pc=0x000001adcf8e16b8 sp=0x0000000bc8bfbfd0
Event: 3.555 Thread 0x000001ade73ceee0 DEOPT UNPACKING pc=0x000001add6702b43 sp=0x0000000bc8bfb4e8 mode 0
Event: 3.570 Thread 0x000001ade73ceee0 Uncommon trap: trap_request=0xffffff45 fr.pc=0x000001add6e78a64 relative=0x0000000000003944
Event: 3.570 Thread 0x000001ade73ceee0 Uncommon trap: reason=unstable_if action=reinterpret pc=0x000001add6e78a64 method=java.net.URL.<init>(Ljava/net/URL;Ljava/lang/String;Ljava/net/URLStreamHandler;)V @ 57 c2
Event: 3.570 Thread 0x000001ade73ceee0 DEOPT PACKING pc=0x000001add6e78a64 sp=0x0000000bc8bfd7c0
Event: 3.570 Thread 0x000001ade73ceee0 DEOPT UNPACKING pc=0x000001add67023a3 sp=0x0000000bc8bfd770 mode 2
Event: 3.616 Thread 0x000001ade73ceee0 DEOPT PACKING pc=0x000001adcf8e16b8 sp=0x0000000bc8bf9550
Event: 3.616 Thread 0x000001ade73ceee0 DEOPT UNPACKING pc=0x000001add6702b43 sp=0x0000000bc8bf8a68 mode 0
Event: 3.674 Thread 0x000001ade73ceee0 DEOPT PACKING pc=0x000001adcf8e16b8 sp=0x0000000bc8bfca80
Event: 3.674 Thread 0x000001ade73ceee0 DEOPT UNPACKING pc=0x000001add6702b43 sp=0x0000000bc8bfbf98 mode 0
Event: 3.698 Thread 0x000001ade73ceee0 DEOPT PACKING pc=0x000001adcf8e16b8 sp=0x0000000bc8bf8390
Event: 3.698 Thread 0x000001ade73ceee0 DEOPT UNPACKING pc=0x000001add6702b43 sp=0x0000000bc8bf78a8 mode 0
Event: 3.720 Thread 0x000001ade73ceee0 DEOPT PACKING pc=0x000001adcf8e16b8 sp=0x0000000bc8bf90a0
Event: 3.720 Thread 0x000001ade73ceee0 DEOPT UNPACKING pc=0x000001add6702b43 sp=0x0000000bc8bf85b8 mode 0

Classes unloaded (0 events):
No events

Classes redefined (0 events):
No events

Internal exceptions (20 events):
Event: 2.690 Thread 0x000001ade73ceee0 Exception <a 'java/lang/NoSuchMethodError'{0x0000000086b46220}: 'void java.lang.invoke.DirectMethodHandle$Holder.invokeStatic(java.lang.Object, int, java.lang.Object)'> (0x0000000086b46220) 
thrown [s\open\src\hotspot\share\interpreter\linkResolver.cpp, line 759]
Event: 2.695 Thread 0x000001ade73ceee0 Exception <a 'java/lang/NoSuchMethodError'{0x0000000086b82428}: 'void java.lang.invoke.DirectMethodHandle$Holder.invokeVirtual(java.lang.Object, java.lang.Object, int)'> (0x0000000086b82428) 
thrown [s\open\src\hotspot\share\interpreter\linkResolver.cpp, line 759]
Event: 2.696 Thread 0x000001ade73ceee0 Exception <a 'java/lang/NoSuchMethodError'{0x0000000086b885e0}: 'void java.lang.invoke.DirectMethodHandle$Holder.invokeStatic(java.lang.Object, java.lang.Object, java.lang.Object, int, java.lang.Object)'> (0x0000000086b885e0) 
thrown [s\open\src\hotspot\share\interpreter\linkResolver.cpp, line 759]
Event: 2.696 Thread 0x000001ade73ceee0 Exception <a 'java/lang/NoSuchMethodError'{0x0000000086b8fa60}: 'java.lang.Object java.lang.invoke.DirectMethodHandle$Holder.newInvokeSpecial(java.lang.Object, java.lang.Object, java.lang.Object, int)'> (0x0000000086b8fa60) 
thrown [s\open\src\hotspot\share\interpreter\linkResolver.cpp, line 759]
Event: 2.697 Thread 0x000001ade73ceee0 Exception <a 'java/lang/NoSuchMethodError'{0x0000000086b93d48}: 'java.lang.Object java.lang.invoke.DirectMethodHandle$Holder.invokeSpecial(java.lang.Object, java.lang.Object, java.lang.Object, java.lang.Object, int)'> (0x0000000086b93d48) 
thrown [s\open\src\hotspot\share\interpreter\linkResolver.cpp, line 759]
Event: 2.697 Thread 0x000001ade73ceee0 Exception <a 'java/lang/NoSuchMethodError'{0x0000000086b97910}: 'java.lang.Object java.lang.invoke.Invokers$Holder.linkToTargetMethod(java.lang.Object, java.lang.Object, int, java.lang.Object)'> (0x0000000086b97910) 
thrown [s\open\src\hotspot\share\interpreter\linkResolver.cpp, line 759]
Event: 2.788 Thread 0x000001ade73ceee0 Exception <a 'java/lang/NoSuchMethodError'{0x0000000086776dc0}: 'java.lang.Object java.lang.invoke.DirectMethodHandle$Holder.invokeStaticInit(java.lang.Object, int, int, int, int)'> (0x0000000086776dc0) 
thrown [s\open\src\hotspot\share\interpreter\linkResolver.cpp, line 759]
Event: 2.912 Thread 0x000001ade73ceee0 Exception <a 'java/lang/NoSuchMethodError'{0x00000000867bbd58}: 'java.lang.Object java.lang.invoke.DirectMethodHandle$Holder.invokeStaticInit(java.lang.Object, java.lang.Object, int, int, int, int)'> (0x00000000867bbd58) 
thrown [s\open\src\hotspot\share\interpreter\linkResolver.cpp, line 759]
Event: 3.019 Thread 0x000001ade73ceee0 Exception <a 'sun/nio/fs/WindowsException'{0x000000008915a758}> (0x000000008915a758) 
thrown [s\open\src\hotspot\share\prims\jni.cpp, line 516]
Event: 3.020 Thread 0x000001ade73ceee0 Exception <a 'sun/nio/fs/WindowsException'{0x0000000089160140}> (0x0000000089160140) 
thrown [s\open\src\hotspot\share\prims\jni.cpp, line 516]
Event: 3.020 Thread 0x000001ade73ceee0 Exception <a 'sun/nio/fs/WindowsException'{0x0000000089160818}> (0x0000000089160818) 
thrown [s\open\src\hotspot\share\prims\jni.cpp, line 516]
Event: 3.043 Thread 0x000001ade73ceee0 Exception <a 'java/lang/NoSuchMethodError'{0x00000000890900a0}: 'java.lang.Object java.lang.invoke.DirectMethodHandle$Holder.invokeSpecial(java.lang.Object, java.lang.Object, long, java.lang.Object, java.lang.Object, java.lang.Object, java.lang.Object, java.lang.Object, java.lang.Object)'> (0x00000000890900a0) 
thrown [s\open\src\hotspot\share\interpreter\linkResolver.cpp, line 759]
Event: 3.043 Thread 0x000001ade73ceee0 Exception <a 'java/lang/NoSuchMethodError'{0x0000000089094bc8}: 'java.lang.Object java.lang.invoke.DelegatingMethodHandle$Holder.reinvoke_L(java.lang.Object, long, java.lang.Object, java.lang.Object, java.lang.Object, java.lang.Object, java.lang.Object, java.lang.Object)'> (0x0000000089094bc8) 
thrown [s\open\src\hotspot\share\interpreter\linkResolver.cpp, line 759]
Event: 3.090 Thread 0x000001ade73ceee0 Implicit null exception at 0x000001add6cfd640 to 0x000001add6d00698
Event: 3.139 Thread 0x000001ade73ceee0 Exception <a 'java/io/FileNotFoundException'{0x0000000088fdb248}> (0x0000000088fdb248) 
thrown [s\open\src\hotspot\share\prims\jni.cpp, line 516]
Event: 3.208 Thread 0x000001ade73ceee0 Exception <a 'java/lang/NoSuchMethodError'{0x0000000087a2d790}: 'int java.lang.invoke.DirectMethodHandle$Holder.invokeInterface(java.lang.Object, java.lang.Object, java.lang.Object, java.lang.Object)'> (0x0000000087a2d790) 
thrown [s\open\src\hotspot\share\interpreter\linkResolver.cpp, line 759]
Event: 3.387 Thread 0x000001ade73ceee0 Exception <a 'java/lang/NoSuchMethodError'{0x0000000087815770}: 'long java.lang.invoke.DirectMethodHandle$Holder.invokeVirtual(java.lang.Object, java.lang.Object)'> (0x0000000087815770) 
thrown [s\open\src\hotspot\share\interpreter\linkResolver.cpp, line 759]
Event: 3.393 Thread 0x000001ade73ceee0 Exception <a 'java/io/FileNotFoundException'{0x0000000087844de8}> (0x0000000087844de8) 
thrown [s\open\src\hotspot\share\prims\jni.cpp, line 516]
Event: 3.471 Thread 0x000001ade73ceee0 Implicit null exception at 0x000001add6e7f0fa to 0x000001add6e7f6bc
Event: 3.547 Thread 0x000001ade73ceee0 Exception <a 'sun/nio/fs/WindowsException'{0x0000000087139298}> (0x0000000087139298) 
thrown [s\open\src\hotspot\share\prims\jni.cpp, line 516]

VM Operations (20 events):
Event: 2.755 Executing VM operation: ICBufferFull
Event: 2.755 Executing VM operation: ICBufferFull done
Event: 2.760 Executing VM operation: HandshakeAllThreads
Event: 2.760 Executing VM operation: HandshakeAllThreads done
Event: 2.803 Executing VM operation: HandshakeAllThreads
Event: 2.803 Executing VM operation: HandshakeAllThreads done
Event: 2.951 Executing VM operation: G1CollectForAllocation
Event: 2.959 Executing VM operation: G1CollectForAllocation done
Event: 3.062 Executing VM operation: HandshakeAllThreads
Event: 3.062 Executing VM operation: HandshakeAllThreads done
Event: 3.331 Executing VM operation: HandshakeAllThreads
Event: 3.331 Executing VM operation: HandshakeAllThreads done
Event: 3.332 Executing VM operation: HandshakeAllThreads
Event: 3.332 Executing VM operation: HandshakeAllThreads done
Event: 3.403 Executing VM operation: HandshakeAllThreads
Event: 3.403 Executing VM operation: HandshakeAllThreads done
Event: 3.460 Executing VM operation: HandshakeAllThreads
Event: 3.460 Executing VM operation: HandshakeAllThreads done
Event: 3.571 Executing VM operation: G1CollectForAllocation
Event: 3.577 Executing VM operation: G1CollectForAllocation done

Events (20 events):
Event: 3.827 loading class java/util/UUID$Holder done
Event: 3.911 loading class javax/xml/stream/XMLStreamException
Event: 3.911 loading class javax/xml/stream/XMLStreamException done
Event: 3.911 loading class javax/xml/stream/XMLEventReader
Event: 3.911 loading class javax/xml/stream/XMLEventReader done
Event: 3.911 loading class javax/xml/stream/XMLResolver
Event: 3.911 loading class javax/xml/stream/XMLResolver done
Event: 3.914 loading class javax/xml/stream/XMLEventFactory
Event: 3.914 loading class javax/xml/stream/XMLEventFactory done
Event: 3.914 loading class javax/xml/stream/FactoryFinder
Event: 3.914 loading class javax/xml/stream/FactoryFinder done
Event: 3.916 loading class javax/xml/stream/FactoryFinder$1
Event: 3.916 loading class javax/xml/stream/FactoryFinder$1 done
Event: 3.917 loading class com/sun/xml/internal/stream/events/XMLEventFactoryImpl
Event: 3.918 loading class com/sun/xml/internal/stream/events/XMLEventFactoryImpl done
Event: 3.931 Loaded shared library C:\Program Files\Java\jdk-17\bin\verify.dll
Event: 3.940 loading class java/lang/Process
Event: 3.940 loading class java/lang/Process done
Event: 3.948 loading class java/lang/reflect/GenericSignatureFormatError
Event: 3.948 loading class java/lang/reflect/GenericSignatureFormatError done


Dynamic libraries:
0x00007ff708490000 - 0x00007ff7084a0000 	C:\Program Files\Java\jdk-17\bin\java.exe
0x00007ffdce670000 - 0x00007ffdce887000 	C:\windows\SYSTEM32\ntdll.dll
0x00007ffdcd1c0000 - 0x00007ffdcd284000 	C:\windows\System32\KERNEL32.DLL
0x00007ffdcbc80000 - 0x00007ffdcc026000 	C:\windows\System32\KERNELBASE.dll
0x00007ffdcc030000 - 0x00007ffdcc141000 	C:\windows\System32\ucrtbase.dll
0x00007ffda92e0000 - 0x00007ffda92fb000 	C:\Program Files\Java\jdk-17\bin\VCRUNTIME140.dll
0x00007ffdad970000 - 0x00007ffdad988000 	C:\Program Files\Java\jdk-17\bin\jli.dll
0x00007ffdcd640000 - 0x00007ffdcd6f3000 	C:\windows\System32\ADVAPI32.dll
0x00007ffdce260000 - 0x00007ffdce307000 	C:\windows\System32\msvcrt.dll
0x00007ffdce340000 - 0x00007ffdce3e8000 	C:\windows\System32\sechost.dll
0x00007ffdcc360000 - 0x00007ffdcc388000 	C:\windows\System32\bcrypt.dll
0x00007ffdcd040000 - 0x00007ffdcd157000 	C:\windows\System32\RPCRT4.dll
0x00007ffdce050000 - 0x00007ffdce1fe000 	C:\windows\System32\USER32.dll
0x00007ffdcc150000 - 0x00007ffdcc176000 	C:\windows\System32\win32u.dll
0x00007ffdce310000 - 0x00007ffdce339000 	C:\windows\System32\GDI32.dll
0x00007ffda7fe0000 - 0x00007ffda8273000 	C:\windows\WinSxS\amd64_microsoft.windows.common-controls_6595b64144ccf1df_6.0.22621.2506_none_270c5ae97388e100\COMCTL32.dll
0x00007ffdcc180000 - 0x00007ffdcc298000 	C:\windows\System32\gdi32full.dll
0x00007ffdcb980000 - 0x00007ffdcba1a000 	C:\windows\System32\msvcp_win.dll
0x00007ffdbe0f0000 - 0x00007ffdbe0fa000 	C:\windows\SYSTEM32\VERSION.dll
0x00007ffdce5c0000 - 0x00007ffdce5f1000 	C:\windows\System32\IMM32.DLL
0x00007ffdc2600000 - 0x00007ffdc260c000 	C:\Program Files\Java\jdk-17\bin\vcruntime140_1.dll
0x00007ffd9bf60000 - 0x00007ffd9bfee000 	C:\Program Files\Java\jdk-17\bin\msvcp140.dll
0x00007ffd53770000 - 0x00007ffd54347000 	C:\Program Files\Java\jdk-17\bin\server\jvm.dll
0x00007ffdce3f0000 - 0x00007ffdce3f8000 	C:\windows\System32\PSAPI.DLL
0x00007ffdadde0000 - 0x00007ffdadde9000 	C:\windows\SYSTEM32\WSOCK32.dll
0x00007ffdc14b0000 - 0x00007ffdc14e4000 	C:\windows\SYSTEM32\WINMM.dll
0x00007ffdccd70000 - 0x00007ffdccde1000 	C:\windows\System32\WS2_32.dll
0x00007ffdca9a0000 - 0x00007ffdca9b8000 	C:\windows\SYSTEM32\kernel.appcore.dll
0x00007ffdc15a0000 - 0x00007ffdc15aa000 	C:\Program Files\Java\jdk-17\bin\jimage.dll
0x00007ffdc9410000 - 0x00007ffdc9643000 	C:\windows\SYSTEM32\DBGHELP.DLL
0x00007ffdcd840000 - 0x00007ffdcdbc9000 	C:\windows\System32\combase.dll
0x00007ffdccf60000 - 0x00007ffdcd037000 	C:\windows\System32\OLEAUT32.dll
0x00007ffdaa0f0000 - 0x00007ffdaa122000 	C:\windows\SYSTEM32\dbgcore.DLL
0x00007ffdcbc00000 - 0x00007ffdcbc7a000 	C:\windows\System32\bcryptPrimitives.dll
0x00007ffda92b0000 - 0x00007ffda92d5000 	C:\Program Files\Java\jdk-17\bin\java.dll
0x00007ffd9be80000 - 0x00007ffd9bf57000 	C:\Program Files\Java\jdk-17\bin\jsvml.dll
0x00007ffdcc390000 - 0x00007ffdccbeb000 	C:\windows\System32\SHELL32.dll
0x00007ffdc9890000 - 0x00007ffdca186000 	C:\windows\SYSTEM32\windows.storage.dll
0x00007ffdc9750000 - 0x00007ffdc988e000 	C:\windows\SYSTEM32\wintypes.dll
0x00007ffdccc50000 - 0x00007ffdccd43000 	C:\windows\System32\SHCORE.dll
0x00007ffdccbf0000 - 0x00007ffdccc4e000 	C:\windows\System32\shlwapi.dll
0x00007ffdcb8b0000 - 0x00007ffdcb8d6000 	C:\windows\SYSTEM32\profapi.dll
0x00007ffda7ee0000 - 0x00007ffda7ef9000 	C:\Program Files\Java\jdk-17\bin\net.dll
0x00007ffdc23d0000 - 0x00007ffdc2507000 	C:\windows\SYSTEM32\WINHTTP.dll
0x00007ffdcae40000 - 0x00007ffdcaea9000 	C:\windows\system32\mswsock.dll
0x00007ffda7ec0000 - 0x00007ffda7ed6000 	C:\Program Files\Java\jdk-17\bin\nio.dll
0x00007ffd9be60000 - 0x00007ffd9be78000 	C:\Program Files\Java\jdk-17\bin\zip.dll
0x00007ffda95f0000 - 0x00007ffda95fa000 	C:\Program Files\Java\jdk-17\bin\management.dll
0x00007ffda7eb0000 - 0x00007ffda7ebb000 	C:\Program Files\Java\jdk-17\bin\management_ext.dll
0x00007ffda30b0000 - 0x00007ffda30bd000 	C:\Program Files\Java\jdk-17\bin\sunmscapi.dll
0x00007ffdcba20000 - 0x00007ffdcbb86000 	C:\windows\System32\CRYPT32.dll
0x00007ffdcb250000 - 0x00007ffdcb27e000 	C:\windows\SYSTEM32\ncrypt.dll
0x00007ffdcb210000 - 0x00007ffdcb247000 	C:\windows\SYSTEM32\NTASN1.dll
0x00007ffdcb090000 - 0x00007ffdcb0ab000 	C:\windows\SYSTEM32\CRYPTSP.dll
0x00007ffdca900000 - 0x00007ffdca935000 	C:\windows\system32\rsaenh.dll
0x00007ffdcaf30000 - 0x00007ffdcaf5c000 	C:\windows\SYSTEM32\USERENV.dll
0x00007ffdcb0b0000 - 0x00007ffdcb0bc000 	C:\windows\SYSTEM32\CRYPTBASE.dll
0x00007ffdca3e0000 - 0x00007ffdca40d000 	C:\windows\SYSTEM32\IPHLPAPI.DLL
0x00007ffdcd800000 - 0x00007ffdcd809000 	C:\windows\System32\NSI.dll
0x00007ffdc2320000 - 0x00007ffdc2339000 	C:\windows\SYSTEM32\dhcpcsvc6.DLL
0x00007ffdc2060000 - 0x00007ffdc207f000 	C:\windows\SYSTEM32\dhcpcsvc.DLL
0x00007ffdca410000 - 0x00007ffdca509000 	C:\windows\SYSTEM32\DNSAPI.dll
0x00007ffd9c9c0000 - 0x00007ffd9c9d0000 	C:\Program Files\Java\jdk-17\bin\verify.dll

dbghelp: loaded successfully - version: 4.0.5 - missing functions: none
symbol engine: initialized successfully - sym options: 0x614 - pdb path: .;C:\Program Files\Java\jdk-17\bin;C:\windows\SYSTEM32;C:\windows\WinSxS\amd64_microsoft.windows.common-controls_6595b64144ccf1df_6.0.22621.2506_none_270c5ae97388e100;C:\Program Files\Java\jdk-17\bin\server

VM Arguments:
jvm_args: -XX:+ShowCodeDetailsInExceptionMessages 
java_command: com.example.demo.DemoApplication
java_class_path (initial): C:\Users\prave\OneDrive\Desktop\spring\DAY 7\class 2\demo\target\classes;C:\Users\prave\.m2\repository\org\springframework\boot\spring-boot-starter-data-jpa\3.2.3\spring-boot-starter-data-jpa-3.2.3.jar;C:\Users\prave\.m2\repository\org\springframework\boot\spring-boot-starter-aop\3.2.3\spring-boot-starter-aop-3.2.3.jar;C:\Users\prave\.m2\repository\org\springframework\spring-aop\6.1.4\spring-aop-6.1.4.jar;C:\Users\prave\.m2\repository\org\aspectj\aspectjweaver\1.9.21\aspectjweaver-1.9.21.jar;C:\Users\prave\.m2\repository\org\springframework\boot\spring-boot-starter-jdbc\3.2.3\spring-boot-starter-jdbc-3.2.3.jar;C:\Users\prave\.m2\repository\com\zaxxer\HikariCP\5.0.1\HikariCP-5.0.1.jar;C:\Users\prave\.m2\repository\org\springframework\spring-jdbc\6.1.4\spring-jdbc-6.1.4.jar;C:\Users\prave\.m2\repository\org\hibernate\orm\hibernate-core\6.4.4.Final\hibernate-core-6.4.4.Final.jar;C:\Users\prave\.m2\repository\jakarta\persistence\jakarta.persistence-api\3.1.0\jakarta.persistence-api-3.1.0.jar;C:\Users\prave\.m2\repository\jakarta\transaction\jakarta.transaction-api\2.0.1\jakarta.transaction-api-2.0.1.jar;C:\Users\prave\.m2\repository\org\jboss\logging\jboss-logging\3.5.3.Final\jboss-logging-3.5.3.Final.jar;C:\Users\prave\.m2\repository\org\hibernate\common\hibernate-commons-annotations\6.0.6.Final\hibernate-commons-annotations-6.0.6.Final.jar;C:\Users\prave\.m2\repository\io\smallrye\jandex\3.1.2\jandex-3.1.2.jar;C:\Users\prave\.m2\repository\com\fasterxml\classmate\1.6.0\classmate-1.6.0.jar;C:\Users\prave\.m2\repository\net\bytebuddy\byte-buddy\1.14.12\byte-buddy-1.14.12.jar;C:\Users\prave\.m2\repository\org\glassfish\jaxb\jaxb-runtime\4.0.4\jaxb-runtime-4.0.4.jar;C:\Users\prave\.m2\repository\org\glassfish\jaxb\jaxb-core\4.0.4\jaxb-core-4.0.4.jar;C:\Users\prave\.m2\repository\org\eclipse\angus\angus-activation\2.0.1\angus-activation-2.0.1.jar;C:\Users\prave\.m2\repository\org\glassfish\jaxb\txw2\4.0.4\txw2-4.0.4.jar;C:\Users\prave\.m2\repos
Launcher Type: SUN_STANDARD

[Global flags]
     intx CICompilerCount                          = 4                                         {product} {ergonomic}
     uint ConcGCThreads                            = 3                                         {product} {ergonomic}
     uint G1ConcRefinementThreads                  = 10                                        {product} {ergonomic}
   size_t G1HeapRegionSize                         = 1048576                                   {product} {ergonomic}
    uintx GCDrainStackTargetSize                   = 64                                        {product} {ergonomic}
   size_t InitialHeapSize                          = 130023424                                 {product} {ergonomic}
   size_t MarkStackSize                            = 4194304                                   {product} {ergonomic}
   size_t MaxHeapSize                              = 2061500416                                {product} {ergonomic}
   size_t MaxNewSize                               = 1236271104                                {product} {ergonomic}
   size_t MinHeapDeltaBytes                        = 1048576                                   {product} {ergonomic}
   size_t MinHeapSize                              = 8388608                                   {product} {ergonomic}
    uintx NonNMethodCodeHeapSize                   = 5839372                                {pd product} {ergonomic}
    uintx NonProfiledCodeHeapSize                  = 122909434                              {pd product} {ergonomic}
    uintx ProfiledCodeHeapSize                     = 122909434                              {pd product} {ergonomic}
    uintx ReservedCodeCacheSize                    = 251658240                              {pd product} {ergonomic}
     bool SegmentedCodeCache                       = true                                      {product} {ergonomic}
     bool ShowCodeDetailsInExceptionMessages       = true                                   {manageable} {command line}
   size_t SoftMaxHeapSize                          = 2061500416                             {manageable} {ergonomic}
     bool UseCompressedClassPointers               = true                           {product lp64_product} {ergonomic}
     bool UseCompressedOops                        = true                           {product lp64_product} {ergonomic}
     bool UseG1GC                                  = true                                      {product} {ergonomic}
     bool UseLargePagesIndividualAllocation        = false                                  {pd product} {ergonomic}

Logging:
Log output configuration:
 #0: stdout all=warning uptime,level,tags
 #1: stderr all=off uptime,level,tags

Environment Variables:
PATH=C:\Program Files\Common Files\Oracle\Java\javapath;C:\windows\system32;C:\windows;C:\windows\System32\Wbem;C:\windows\System32\WindowsPowerShell\v1.0\;C:\windows\System32\OpenSSH\;C:\MinGW\bin;C:\Program Files\Git\cmd;C:\Users\prave\AppData\Roaming\Microsoft\Windows\Start Menu\Programs\Python 3.11;C:\Program Files\nodejs\;C:\Program Files\MySQL\MySQL Shell 8.0\bin\;C:\Users\prave\AppData\Local\Microsoft\WindowsApps;C:\Users\prave\AppData\Local\Programs\Microsoft VS Code\bin;C:\MinGW\bin;C:\Users\prave\AppData\Roaming\Microsoft\Windows\Start Menu\Programs\Python 3.11;C:\Users\prave\AppData\Roaming\npm;C:\Program Files\nodejs;C:\Program Files\nodejs\node_modules\npm\bin;C:\Program Files\MongoDB\Server\7.0\bin;
USERNAME=prave
LANG=en_US.UTF-8
OS=Windows_NT
PROCESSOR_IDENTIFIER=Intel64 Family 6 Model 154 Stepping 4, GenuineIntel



---------------  S Y S T E M  ---------------

OS:
 Windows 11 , 64 bit Build 22621 (10.0.22621.3085)
OS uptime: 0 days 2:10 hours
Hyper-V role detected

CPU: total 12 (initial active 12) (6 cores per cpu, 2 threads per core) family 6 model 154 stepping 4 microcode 0x42c, cx8, cmov, fxsr, ht, mmx, 3dnowpref, sse, sse2, sse3, ssse3, sse4.1, sse4.2, popcnt, lzcnt, tsc, tscinvbit, avx, avx2, aes, erms, clmul, bmi1, bmi2, adx, sha, fma, vzeroupper, clflush, clflushopt, clwb, hv

Memory: 4k page, system-wide physical 7863M (527M free)
TotalPageFile size 12917M (AvailPageFile size 3M)
current process WorkingSet (physical memory assigned to process): 204M, peak: 209M
current process commit charge ("private bytes"): 250M, peak: 279M

vm_info: Java HotSpot(TM) 64-Bit Server VM (17.0.6+9-LTS-190) for windows-amd64 JRE (17.0.6+9-LTS-190), built on Dec  6 2022 15:53:54 by "mach5one" with MS VC++ 17.1 (VS2022)

END.
